[2022-07-29 21:23:26,075][MainThread:3368][task_id:用户相关日志][user_interface.py:27][INFO][用户jasper注册成功]
[2022-07-29 21:23:41,705][MainThread:3368][task_id:用户相关日志][user_interface.py:27][INFO][用户lili注册成功]
[2022-07-29 21:24:04,662][MainThread:3368][task_id:用户相关日志][user_interface.py:27][INFO][用户jack注册成功]
[2022-07-29 21:24:21,757][MainThread:3368][task_id:用户相关日志][user_interface.py:41][INFO][用户jasper登录成功]
[2022-07-29 21:24:32,143][MainThread:3368][task_id:银行相关日志][bank_interface.py:28][INFO][用户jasper还款10.0元成功]
[2022-07-29 21:24:36,196][MainThread:3368][task_id:银行相关日志][bank_interface.py:45][INFO][用户jasper提现10.0元成功]
[2022-07-29 21:24:44,748][MainThread:3368][task_id:银行相关日志][bank_interface.py:64][INFO][jasper给用户lili转账10.1元]
[2022-07-29 21:24:44,748][MainThread:3368][task_id:银行相关日志][bank_interface.py:68][INFO][lili收到用户jasper转账10.1元]
[2022-07-29 21:26:17,711][MainThread:11120][task_id:用户相关日志][user_interface.py:41][INFO][用户jasper登录成功]
[2022-07-29 21:26:51,659][MainThread:11120][task_id:管理员相关日志][admin_interface.py:90][INFO][管理员jasper添加商品成功]
[2022-07-29 21:27:02,924][MainThread:11120][task_id:管理员相关日志][admin_interface.py:94][INFO][管理员jasper添加商品成功]
[2022-07-29 21:27:10,680][MainThread:11120][task_id:管理员相关日志][admin_interface.py:94][INFO][管理员jasper添加商品成功]
[2022-07-29 21:27:20,936][MainThread:11120][task_id:管理员相关日志][admin_interface.py:94][INFO][管理员jasper添加商品成功]
[2022-07-29 21:28:28,082][MainThread:11192][task_id:用户相关日志][user_interface.py:41][INFO][用户jasper登录成功]
[2022-07-29 21:30:18,119][MainThread:11192][task_id:购物相关日志][shop_interface.py:135][INFO][用户jasper清空了购物车,消费了111.0元]
[2022-07-29 21:30:45,873][MainThread:11192][task_id:管理员相关日志][admin_interface.py:119][INFO][修改库存成功]
[2022-07-29 21:42:46,419][MainThread:13888][task_id:用户相关日志][user_interface.py:41][INFO][用户jasper登录成功]
[2022-07-29 21:43:04,015][MainThread:13888][task_id:用户相关日志][user_interface.py:27][INFO][用户jack注册成功]
[2022-07-29 21:45:12,408][MainThread:13888][task_id:管理员相关日志][admin_interface.py:90][INFO][管理员jasper添加商品成功]
[2022-07-29 21:45:35,788][MainThread:13888][task_id:管理员相关日志][admin_interface.py:94][INFO][管理员jasper添加商品成功]
[2022-07-29 21:46:23,751][MainThread:13888][task_id:购物相关日志][shop_interface.py:135][INFO][用户jasper清空了购物车,消费了900.0元]
